# JRE version: Java(TM) SE Runtime Environment (21.0.2+13) (build 21.0.2+13-LTS-58)
# Java VM: Java HotSpot(TM) 64-Bit Server VM (21.0.2+13-LTS-58, mixed mode, sharing, tiered, compressed oops, compressed class ptrs, parallel gc, windows-amd64)
GC Precious Log:
 CardTable entry size: 512
 CPUs: 4 total, 4 available
 Memory: 3546M
 Large Page Support: Disabled
 NUMA Support: Disabled
 Compressed Oops: Enabled (32-bit)
 Alignments: Space 512K, Generation 512K, Heap 2M
 Heap Min Capacity: 100M
 Heap Initial Capacity: 100M
 Heap Max Capacity: 2G
 Pre-touch: Disabled
 Parallel Workers: 4
Heap:
 PSYoungGen      total 2048K, used 1839K [0x00000000d5580000, 0x00000000d5900000, 0x0000000100000000)
  eden space 1536K, 87% used [0x00000000d5580000,0x00000000d56d15f8,0x00000000d5700000)
  from space 512K, 97% used [0x00000000d5800000,0x00000000d587d328,0x00000000d5880000)
  to   space 1024K, 0% used [0x00000000d5700000,0x00000000d5700000,0x00000000d5800000)
 ParOldGen       total 134144K, used 111239K [0x0000000080000000, 0x0000000088300000, 0x00000000d5580000)
  object space 134144K, 82% used [0x0000000080000000,0x0000000086ca1e08,0x0000000088300000)
 Metaspace       used 64041K, committed 65472K, reserved 1114112K
  class space    used 6459K, committed 7104K, reserved 1048576K
GC Heap History (20 events):
Event: 145.682 GC heap before
{Heap before GC invocations=169 (full 5):
 PSYoungGen      total 2048K, used 1995K [0x00000000d5580000, 0x00000000d5880000, 0x0000000100000000)
  eden space 1536K, 100% used [0x00000000d5580000,0x00000000d5700000,0x00000000d5700000)
  from space 512K, 89% used [0x00000000d5800000,0x00000000d5872f40,0x00000000d5880000)
  to   space 512K, 0% used [0x00000000d5780000,0x00000000d5780000,0x00000000d5800000)
 ParOldGen       total 121856K, used 120554K [0x0000000080000000, 0x0000000087700000, 0x00000000d5580000)
  object space 121856K, 98% used [0x0000000080000000,0x00000000875babd8,0x0000000087700000)
 Metaspace       used 63416K, committed 64896K, reserved 1114112K
  class space    used 6397K, committed 7040K, reserved 1048576K
}
Event: 145.685 GC heap after
{Heap after GC invocations=169 (full 5):
 PSYoungGen      total 2048K, used 351K [0x00000000d5580000, 0x00000000d5880000, 0x0000000100000000)
  eden space 1536K, 0% used [0x00000000d5580000,0x00000000d5580000,0x00000000d5700000)
  from space 512K, 68% used [0x00000000d5780000,0x00000000d57d7fe0,0x00000000d5800000)
  to   space 512K, 0% used [0x00000000d5800000,0x00000000d5800000,0x00000000d5880000)
 ParOldGen       total 121856K, used 120869K [0x0000000080000000, 0x0000000087700000, 0x00000000d5580000)
  object space 121856K, 99% used [0x0000000080000000,0x00000000876096f8,0x0000000087700000)
 Metaspace       used 63416K, committed 64896K, reserved 1114112K
  class space    used 6397K, committed 7040K, reserved 1048576K
}
Event: 145.808 GC heap before
{Heap before GC invocations=170 (full 5):
 PSYoungGen      total 2048K, used 1887K [0x00000000d5580000, 0x00000000d5880000, 0x0000000100000000)
  eden space 1536K, 99% used [0x00000000d5580000,0x00000000d56ffff0,0x00000000d5700000)
  from space 512K, 68% used [0x00000000d5780000,0x00000000d57d7fe0,0x00000000d5800000)
  to   space 512K, 0% used [0x00000000d5800000,0x00000000d5800000,0x00000000d5880000)
 ParOldGen       total 121856K, used 120869K [0x0000000080000000, 0x0000000087700000, 0x00000000d5580000)
  object space 121856K, 99% used [0x0000000080000000,0x00000000876096f8,0x0000000087700000)
 Metaspace       used 63567K, committed 65024K, reserved 1114112K
  class space    used 6420K, committed 7104K, reserved 1048576K
}
Event: 145.812 GC heap after
{Heap after GC invocations=170 (full 5):
 PSYoungGen      total 2048K, used 160K [0x00000000d5580000, 0x00000000d5880000, 0x0000000100000000)
  eden space 1536K, 0% used [0x00000000d5580000,0x00000000d5580000,0x00000000d5700000)
  from space 512K, 31% used [0x00000000d5800000,0x00000000d5828000,0x00000000d5880000)
  to   space 512K, 0% used [0x00000000d5780000,0x00000000d5780000,0x00000000d5800000)
 ParOldGen       total 121856K, used 121150K [0x0000000080000000, 0x0000000087700000, 0x00000000d5580000)
  object space 121856K, 99% used [0x0000000080000000,0x000000008764fb48,0x0000000087700000)
 Metaspace       used 63567K, committed 65024K, reserved 1114112K
  class space    used 6420K, committed 7104K, reserved 1048576K
}
Event: 145.835 GC heap before
{Heap before GC invocations=171 (full 5):
 PSYoungGen      total 2048K, used 1695K [0x00000000d5580000, 0x00000000d5880000, 0x0000000100000000)
  eden space 1536K, 99% used [0x00000000d5580000,0x00000000d56ffff0,0x00000000d5700000)
  from space 512K, 31% used [0x00000000d5800000,0x00000000d5828000,0x00000000d5880000)
  to   space 512K, 0% used [0x00000000d5780000,0x00000000d5780000,0x00000000d5800000)
 ParOldGen       total 121856K, used 121150K [0x0000000080000000, 0x0000000087700000, 0x00000000d5580000)
  object space 121856K, 99% used [0x0000000080000000,0x000000008764fb48,0x0000000087700000)
 Metaspace       used 63583K, committed 65088K, reserved 1114112K
  class space    used 6422K, committed 7104K, reserved 1048576K
}
Event: 145.837 GC heap after
{Heap after GC invocations=171 (full 5):
 PSYoungGen      total 2048K, used 502K [0x00000000d5580000, 0x00000000d5900000, 0x0000000100000000)
  eden space 1536K, 0% used [0x00000000d5580000,0x00000000d5580000,0x00000000d5700000)
  from space 512K, 98% used [0x00000000d5780000,0x00000000d57fdb10,0x00000000d5800000)
  to   space 1024K, 0% used [0x00000000d5800000,0x00000000d5800000,0x00000000d5900000)
 ParOldGen       total 121856K, used 121262K [0x0000000080000000, 0x0000000087700000, 0x00000000d5580000)
  object space 121856K, 99% used [0x0000000080000000,0x000000008766bb48,0x0000000087700000)
 Metaspace       used 63583K, committed 65088K, reserved 1114112K
  class space    used 6422K, committed 7104K, reserved 1048576K
}
Event: 145.857 GC heap before
{Heap before GC invocations=172 (full 5):
 PSYoungGen      total 2048K, used 2038K [0x00000000d5580000, 0x00000000d5900000, 0x0000000100000000)
  eden space 1536K, 99% used [0x00000000d5580000,0x00000000d56fffa8,0x00000000d5700000)
  from space 512K, 98% used [0x00000000d5780000,0x00000000d57fdb10,0x00000000d5800000)
  to   space 1024K, 0% used [0x00000000d5800000,0x00000000d5800000,0x00000000d5900000)
 ParOldGen       total 121856K, used 121262K [0x0000000080000000, 0x0000000087700000, 0x00000000d5580000)
  object space 121856K, 99% used [0x0000000080000000,0x000000008766bb48,0x0000000087700000)
 Metaspace       used 63670K, committed 65152K, reserved 1114112K
  class space    used 6422K, committed 7104K, reserved 1048576K
}
Event: 145.861 GC heap after
{Heap after GC invocations=172 (full 5):
 PSYoungGen      total 2048K, used 442K [0x00000000d5580000, 0x00000000d5880000, 0x0000000100000000)
  eden space 1536K, 0% used [0x00000000d5580000,0x00000000d5580000,0x00000000d5700000)
  from space 512K, 86% used [0x00000000d5800000,0x00000000d586ebf0,0x00000000d5880000)
  to   space 512K, 0% used [0x00000000d5780000,0x00000000d5780000,0x00000000d5800000)
 ParOldGen       total 121856K, used 121690K [0x0000000080000000, 0x0000000087700000, 0x00000000d5580000)
  object space 121856K, 99% used [0x0000000080000000,0x00000000876d6a58,0x0000000087700000)
 Metaspace       used 63670K, committed 65152K, reserved 1114112K
  class space    used 6422K, committed 7104K, reserved 1048576K
}
Event: 145.861 GC heap before
{Heap before GC invocations=173 (full 6):
 PSYoungGen      total 2048K, used 442K [0x00000000d5580000, 0x00000000d5880000, 0x0000000100000000)
  eden space 1536K, 0% used [0x00000000d5580000,0x00000000d5580000,0x00000000d5700000)
  from space 512K, 86% used [0x00000000d5800000,0x00000000d586ebf0,0x00000000d5880000)
  to   space 512K, 0% used [0x00000000d5780000,0x00000000d5780000,0x00000000d5800000)
 ParOldGen       total 121856K, used 121690K [0x0000000080000000, 0x0000000087700000, 0x00000000d5580000)
  object space 121856K, 99% used [0x0000000080000000,0x00000000876d6a58,0x0000000087700000)
 Metaspace       used 63670K, committed 65152K, reserved 1114112K
  class space    used 6422K, committed 7104K, reserved 1048576K
}
Event: 146.138 GC heap after
{Heap after GC invocations=173 (full 6):
 PSYoungGen      total 2048K, used 0K [0x00000000d5580000, 0x00000000d5880000, 0x0000000100000000)
  eden space 1536K, 0% used [0x00000000d5580000,0x00000000d5580000,0x00000000d5700000)
  from space 512K, 0% used [0x00000000d5780000,0x00000000d5780000,0x00000000d5800000)
  to   space 512K, 0% used [0x00000000d5800000,0x00000000d5800000,0x00000000d5880000)
 ParOldGen       total 134144K, used 110627K [0x0000000080000000, 0x0000000088300000, 0x00000000d5580000)
  object space 134144K, 82% used [0x0000000080000000,0x0000000086c08c08,0x0000000088300000)
 Metaspace       used 63670K, committed 65152K, reserved 1114112K
  class space    used 6422K, committed 7104K, reserved 1048576K
}
Event: 146.363 GC heap before
{Heap before GC invocations=174 (full 6):
 PSYoungGen      total 2048K, used 1532K [0x00000000d5580000, 0x00000000d5880000, 0x0000000100000000)
  eden space 1536K, 99% used [0x00000000d5580000,0x00000000d56ff1c0,0x00000000d5700000)
  from space 512K, 0% used [0x00000000d5780000,0x00000000d5780000,0x00000000d5800000)
  to   space 512K, 0% used [0x00000000d5800000,0x00000000d5800000,0x00000000d5880000)
 ParOldGen       total 134144K, used 110627K [0x0000000080000000, 0x0000000088300000, 0x00000000d5580000)
  object space 134144K, 82% used [0x0000000080000000,0x0000000086c08c08,0x0000000088300000)
 Metaspace       used 63760K, committed 65216K, reserved 1114112K
  class space    used 6431K, committed 7104K, reserved 1048576K
}
Event: 146.365 GC heap after
{Heap after GC invocations=174 (full 6):
 PSYoungGen      total 2048K, used 288K [0x00000000d5580000, 0x00000000d5880000, 0x0000000100000000)
  eden space 1536K, 0% used [0x00000000d5580000,0x00000000d5580000,0x00000000d5700000)
  from space 512K, 56% used [0x00000000d5800000,0x00000000d5848000,0x00000000d5880000)
  to   space 512K, 0% used [0x00000000d5780000,0x00000000d5780000,0x00000000d5800000)
 ParOldGen       total 134144K, used 110635K [0x0000000080000000, 0x0000000088300000, 0x00000000d5580000)
  object space 134144K, 82% used [0x0000000080000000,0x0000000086c0ac08,0x0000000088300000)
 Metaspace       used 63760K, committed 65216K, reserved 1114112K
  class space    used 6431K, committed 7104K, reserved 1048576K
}
Event: 146.418 GC heap before
{Heap before GC invocations=175 (full 6):
 PSYoungGen      total 2048K, used 1809K [0x00000000d5580000, 0x00000000d5880000, 0x0000000100000000)
  eden space 1536K, 99% used [0x00000000d5580000,0x00000000d56fc548,0x00000000d5700000)
  from space 512K, 56% used [0x00000000d5800000,0x00000000d5848000,0x00000000d5880000)
  to   space 512K, 0% used [0x00000000d5780000,0x00000000d5780000,0x00000000d5800000)
 ParOldGen       total 134144K, used 110635K [0x0000000080000000, 0x0000000088300000, 0x00000000d5580000)
  object space 134144K, 82% used [0x0000000080000000,0x0000000086c0ac08,0x0000000088300000)
 Metaspace       used 63846K, committed 65280K, reserved 1114112K
  class space    used 6441K, committed 7104K, reserved 1048576K
}
Event: 146.421 GC heap after
{Heap after GC invocations=175 (full 6):
 PSYoungGen      total 2048K, used 352K [0x00000000d5580000, 0x00000000d5880000, 0x0000000100000000)
  eden space 1536K, 0% used [0x00000000d5580000,0x00000000d5580000,0x00000000d5700000)
  from space 512K, 68% used [0x00000000d5780000,0x00000000d57d8020,0x00000000d5800000)
  to   space 512K, 0% used [0x00000000d5800000,0x00000000d5800000,0x00000000d5880000)
 ParOldGen       total 134144K, used 110835K [0x0000000080000000, 0x0000000088300000, 0x00000000d5580000)
  object space 134144K, 82% used [0x0000000080000000,0x0000000086c3cc18,0x0000000088300000)
 Metaspace       used 63846K, committed 65280K, reserved 1114112K
  class space    used 6441K, committed 7104K, reserved 1048576K
}
Event: 146.559 GC heap before
{Heap before GC invocations=176 (full 6):
 PSYoungGen      total 2048K, used 1888K [0x00000000d5580000, 0x00000000d5880000, 0x0000000100000000)
  eden space 1536K, 100% used [0x00000000d5580000,0x00000000d5700000,0x00000000d5700000)
  from space 512K, 68% used [0x00000000d5780000,0x00000000d57d8020,0x00000000d5800000)
  to   space 512K, 0% used [0x00000000d5800000,0x00000000d5800000,0x00000000d5880000)
 ParOldGen       total 134144K, used 110835K [0x0000000080000000, 0x0000000088300000, 0x00000000d5580000)
  object space 134144K, 82% used [0x0000000080000000,0x0000000086c3cc18,0x0000000088300000)
 Metaspace       used 63975K, committed 65408K, reserved 1114112K
  class space    used 6452K, committed 7104K, reserved 1048576K
}
Event: 146.561 GC heap after
{Heap after GC invocations=176 (full 6):
 PSYoungGen      total 2048K, used 224K [0x00000000d5580000, 0x00000000d5880000, 0x0000000100000000)
  eden space 1536K, 0% used [0x00000000d5580000,0x00000000d5580000,0x00000000d5700000)
  from space 512K, 43% used [0x00000000d5800000,0x00000000d5838000,0x00000000d5880000)
  to   space 512K, 0% used [0x00000000d5780000,0x00000000d5780000,0x00000000d5800000)
 ParOldGen       total 134144K, used 111042K [0x0000000080000000, 0x0000000088300000, 0x00000000d5580000)
  object space 134144K, 82% used [0x0000000080000000,0x0000000086c70a00,0x0000000088300000)
 Metaspace       used 63975K, committed 65408K, reserved 1114112K
  class space    used 6452K, committed 7104K, reserved 1048576K
}
Event: 146.622 GC heap before
{Heap before GC invocations=177 (full 6):
 PSYoungGen      total 2048K, used 1760K [0x00000000d5580000, 0x00000000d5880000, 0x0000000100000000)
  eden space 1536K, 100% used [0x00000000d5580000,0x00000000d5700000,0x00000000d5700000)
  from space 512K, 43% used [0x00000000d5800000,0x00000000d5838000,0x00000000d5880000)
  to   space 512K, 0% used [0x00000000d5780000,0x00000000d5780000,0x00000000d5800000)
 ParOldGen       total 134144K, used 111042K [0x0000000080000000, 0x0000000088300000, 0x00000000d5580000)
  object space 134144K, 82% used [0x0000000080000000,0x0000000086c70a00,0x0000000088300000)
 Metaspace       used 63982K, committed 65408K, reserved 1114112K
  class space    used 6452K, committed 7104K, reserved 1048576K
}
Event: 146.625 GC heap after
{Heap after GC invocations=177 (full 6):
 PSYoungGen      total 2048K, used 416K [0x00000000d5580000, 0x00000000d5880000, 0x0000000100000000)
  eden space 1536K, 0% used [0x00000000d5580000,0x00000000d5580000,0x00000000d5700000)
  from space 512K, 81% used [0x00000000d5780000,0x00000000d57e8200,0x00000000d5800000)
  to   space 512K, 0% used [0x00000000d5800000,0x00000000d5800000,0x00000000d5880000)
 ParOldGen       total 134144K, used 111042K [0x0000000080000000, 0x0000000088300000, 0x00000000d5580000)
  object space 134144K, 82% used [0x0000000080000000,0x0000000086c70a00,0x0000000088300000)
 Metaspace       used 63982K, committed 65408K, reserved 1114112K
  class space    used 6452K, committed 7104K, reserved 1048576K
}
Event: 146.754 GC heap before
{Heap before GC invocations=178 (full 6):
 PSYoungGen      total 2048K, used 1952K [0x00000000d5580000, 0x00000000d5880000, 0x0000000100000000)
  eden space 1536K, 100% used [0x00000000d5580000,0x00000000d5700000,0x00000000d5700000)
  from space 512K, 81% used [0x00000000d5780000,0x00000000d57e8200,0x00000000d5800000)
  to   space 512K, 0% used [0x00000000d5800000,0x00000000d5800000,0x00000000d5880000)
 ParOldGen       total 134144K, used 111042K [0x0000000080000000, 0x0000000088300000, 0x00000000d5580000)
  object space 134144K, 82% used [0x0000000080000000,0x0000000086c70a00,0x0000000088300000)
 Metaspace       used 63999K, committed 65472K, reserved 1114112K
  class space    used 6454K, committed 7104K, reserved 1048576K
}
Event: 146.759 GC heap after
{Heap after GC invocations=178 (full 6):
 PSYoungGen      total 2048K, used 500K [0x00000000d5580000, 0x00000000d5900000, 0x0000000100000000)
  eden space 1536K, 0% used [0x00000000d5580000,0x00000000d5580000,0x00000000d5700000)
  from space 512K, 97% used [0x00000000d5800000,0x00000000d587d328,0x00000000d5880000)
  to   space 1024K, 0% used [0x00000000d5700000,0x00000000d5700000,0x00000000d5800000)
 ParOldGen       total 134144K, used 111239K [0x0000000080000000, 0x0000000088300000, 0x00000000d5580000)
  object space 134144K, 82% used [0x0000000080000000,0x0000000086ca1e08,0x0000000088300000)
 Metaspace       used 63999K, committed 65472K, reserved 1114112K
  class space    used 6454K, committed 7104K, reserved 1048576K
}

