# JRE version: Java(TM) SE Runtime Environment (21.0.2+13) (build 21.0.2+13-LTS-58)
# Java VM: Java HotSpot(TM) 64-Bit Server VM (21.0.2+13-LTS-58, mixed mode, sharing, tiered, compressed oops, compressed class ptrs, parallel gc, windows-amd64)
GC Precious Log:
 CardTable entry size: 512
 CPUs: 4 total, 4 available
 Memory: 3546M
 Large Page Support: Disabled
 NUMA Support: Disabled
 Compressed Oops: Enabled (32-bit)
 Alignments: Space 512K, Generation 512K, Heap 2M
 Heap Min Capacity: 100M
 Heap Initial Capacity: 100M
 Heap Max Capacity: 2G
 Pre-touch: Disabled
 Parallel Workers: 4
Heap:
 PSYoungGen      total 13312K, used 11892K [0x00000000d5580000, 0x00000000d7300000, 0x0000000100000000)
  eden space 5632K, 75% used [0x00000000d5580000,0x00000000d59a6518,0x00000000d5b00000)
  from space 7680K, 99% used [0x00000000d5b00000,0x00000000d6276c08,0x00000000d6280000)
  to   space 11776K, 0% used [0x00000000d6780000,0x00000000d6780000,0x00000000d7300000)
 ParOldGen       total 384512K, used 339235K [0x0000000080000000, 0x0000000097780000, 0x00000000d5580000)
  object space 384512K, 88% used [0x0000000080000000,0x0000000094b48ef0,0x0000000097780000)
 Metaspace       used 65229K, committed 66688K, reserved 1114112K
  class space    used 6585K, committed 7232K, reserved 1048576K
GC Heap History (20 events):
Event: 224.212 GC heap before
{Heap before GC invocations=524 (full 12):
 PSYoungGen      total 10752K, used 10306K [0x00000000d5580000, 0x00000000d6400000, 0x0000000100000000)
  eden space 6656K, 100% used [0x00000000d5580000,0x00000000d5c00000,0x00000000d5c00000)
  from space 4096K, 89% used [0x00000000d6000000,0x00000000d6390900,0x00000000d6400000)
  to   space 4096K, 0% used [0x00000000d5c00000,0x00000000d5c00000,0x00000000d6000000)
 ParOldGen       total 327680K, used 295644K [0x0000000080000000, 0x0000000094000000, 0x00000000d5580000)
  object space 327680K, 90% used [0x0000000080000000,0x00000000920b7000,0x0000000094000000)
 Metaspace       used 65178K, committed 66688K, reserved 1114112K
  class space    used 6582K, committed 7232K, reserved 1048576K
}
Event: 224.235 GC heap after
{Heap after GC invocations=524 (full 12):
 PSYoungGen      total 10752K, used 4095K [0x00000000d5580000, 0x00000000d6e80000, 0x0000000100000000)
  eden space 6656K, 0% used [0x00000000d5580000,0x00000000d5580000,0x00000000d5c00000)
  from space 4096K, 99% used [0x00000000d5c00000,0x00000000d5fffe20,0x00000000d6000000)
  to   space 9216K, 0% used [0x00000000d6580000,0x00000000d6580000,0x00000000d6e80000)
 ParOldGen       total 327680K, used 299698K [0x0000000080000000, 0x0000000094000000, 0x00000000d5580000)
  object space 327680K, 91% used [0x0000000080000000,0x00000000924acaf8,0x0000000094000000)
 Metaspace       used 65178K, committed 66688K, reserved 1114112K
  class space    used 6582K, committed 7232K, reserved 1048576K
}
Event: 224.812 GC heap before
{Heap before GC invocations=525 (full 12):
 PSYoungGen      total 10752K, used 10741K [0x00000000d5580000, 0x00000000d6e80000, 0x0000000100000000)
  eden space 6656K, 99% used [0x00000000d5580000,0x00000000d5bfd6d8,0x00000000d5c00000)
  from space 4096K, 99% used [0x00000000d5c00000,0x00000000d5fffe20,0x00000000d6000000)
  to   space 9216K, 0% used [0x00000000d6580000,0x00000000d6580000,0x00000000d6e80000)
 ParOldGen       total 327680K, used 299698K [0x0000000080000000, 0x0000000094000000, 0x00000000d5580000)
  object space 327680K, 91% used [0x0000000080000000,0x00000000924acaf8,0x0000000094000000)
 Metaspace       used 65178K, committed 66688K, reserved 1114112K
  class space    used 6582K, committed 7232K, reserved 1048576K
}
Event: 224.831 GC heap after
{Heap after GC invocations=525 (full 12):
 PSYoungGen      total 15360K, used 7769K [0x00000000d5580000, 0x00000000d6d80000, 0x0000000100000000)
  eden space 7168K, 0% used [0x00000000d5580000,0x00000000d5580000,0x00000000d5c80000)
  from space 8192K, 94% used [0x00000000d6580000,0x00000000d6d166e0,0x00000000d6d80000)
  to   space 8192K, 0% used [0x00000000d5d80000,0x00000000d5d80000,0x00000000d6580000)
 ParOldGen       total 327680K, used 301931K [0x0000000080000000, 0x0000000094000000, 0x00000000d5580000)
  object space 327680K, 92% used [0x0000000080000000,0x00000000926dada0,0x0000000094000000)
 Metaspace       used 65178K, committed 66688K, reserved 1114112K
  class space    used 6582K, committed 7232K, reserved 1048576K
}
Event: 225.201 GC heap before
{Heap before GC invocations=526 (full 12):
 PSYoungGen      total 15360K, used 14879K [0x00000000d5580000, 0x00000000d6d80000, 0x0000000100000000)
  eden space 7168K, 99% used [0x00000000d5580000,0x00000000d5c715a0,0x00000000d5c80000)
  from space 8192K, 94% used [0x00000000d6580000,0x00000000d6d166e0,0x00000000d6d80000)
  to   space 8192K, 0% used [0x00000000d5d80000,0x00000000d5d80000,0x00000000d6580000)
 ParOldGen       total 327680K, used 301931K [0x0000000080000000, 0x0000000094000000, 0x00000000d5580000)
  object space 327680K, 92% used [0x0000000080000000,0x00000000926dada0,0x0000000094000000)
 Metaspace       used 65178K, committed 66688K, reserved 1114112K
  class space    used 6582K, committed 7232K, reserved 1048576K
}
Event: 225.222 GC heap after
{Heap after GC invocations=526 (full 12):
 PSYoungGen      total 15872K, used 8181K [0x00000000d5580000, 0x00000000d7900000, 0x0000000100000000)
  eden space 7680K, 0% used [0x00000000d5580000,0x00000000d5580000,0x00000000d5d00000)
  from space 8192K, 99% used [0x00000000d5d80000,0x00000000d657d460,0x00000000d6580000)
  to   space 14336K, 0% used [0x00000000d6b00000,0x00000000d6b00000,0x00000000d7900000)
 ParOldGen       total 327680K, used 306705K [0x0000000080000000, 0x0000000094000000, 0x00000000d5580000)
  object space 327680K, 93% used [0x0000000080000000,0x0000000092b84728,0x0000000094000000)
 Metaspace       used 65178K, committed 66688K, reserved 1114112K
  class space    used 6582K, committed 7232K, reserved 1048576K
}
Event: 225.706 GC heap before
{Heap before GC invocations=527 (full 12):
 PSYoungGen      total 15872K, used 15725K [0x00000000d5580000, 0x00000000d7900000, 0x0000000100000000)
  eden space 7680K, 98% used [0x00000000d5580000,0x00000000d5cddff8,0x00000000d5d00000)
  from space 8192K, 99% used [0x00000000d5d80000,0x00000000d657d460,0x00000000d6580000)
  to   space 14336K, 0% used [0x00000000d6b00000,0x00000000d6b00000,0x00000000d7900000)
 ParOldGen       total 327680K, used 306705K [0x0000000080000000, 0x0000000094000000, 0x00000000d5580000)
  object space 327680K, 93% used [0x0000000080000000,0x0000000092b84728,0x0000000094000000)
 Metaspace       used 65178K, committed 66688K, reserved 1114112K
  class space    used 6582K, committed 7232K, reserved 1048576K
}
Event: 225.740 GC heap after
{Heap after GC invocations=527 (full 12):
 PSYoungGen      total 20480K, used 12238K [0x00000000d5580000, 0x00000000d7700000, 0x0000000100000000)
  eden space 8192K, 0% used [0x00000000d5580000,0x00000000d5580000,0x00000000d5d80000)
  from space 12288K, 99% used [0x00000000d6b00000,0x00000000d76f3948,0x00000000d7700000)
  to   space 12800K, 0% used [0x00000000d5e00000,0x00000000d5e00000,0x00000000d6a80000)
 ParOldGen       total 327680K, used 308602K [0x0000000080000000, 0x0000000094000000, 0x00000000d5580000)
  object space 327680K, 94% used [0x0000000080000000,0x0000000092d5eb70,0x0000000094000000)
 Metaspace       used 65178K, committed 66688K, reserved 1114112K
  class space    used 6582K, committed 7232K, reserved 1048576K
}
Event: 226.341 GC heap before
{Heap before GC invocations=528 (full 12):
 PSYoungGen      total 20480K, used 19952K [0x00000000d5580000, 0x00000000d7700000, 0x0000000100000000)
  eden space 8192K, 94% used [0x00000000d5580000,0x00000000d5d08900,0x00000000d5d80000)
  from space 12288K, 99% used [0x00000000d6b00000,0x00000000d76f3948,0x00000000d7700000)
  to   space 12800K, 0% used [0x00000000d5e00000,0x00000000d5e00000,0x00000000d6a80000)
 ParOldGen       total 327680K, used 308602K [0x0000000080000000, 0x0000000094000000, 0x00000000d5580000)
  object space 327680K, 94% used [0x0000000080000000,0x0000000092d5eb70,0x0000000094000000)
 Metaspace       used 65178K, committed 66688K, reserved 1114112K
  class space    used 6582K, committed 7232K, reserved 1048576K
}
Event: 226.367 GC heap after
{Heap after GC invocations=528 (full 12):
 PSYoungGen      total 21504K, used 12789K [0x00000000d5580000, 0x00000000d8680000, 0x0000000100000000)
  eden space 8704K, 0% used [0x00000000d5580000,0x00000000d5580000,0x00000000d5e00000)
  from space 12800K, 99% used [0x00000000d5e00000,0x00000000d6a7d698,0x00000000d6a80000)
  to   space 20480K, 0% used [0x00000000d7280000,0x00000000d7280000,0x00000000d8680000)
 ParOldGen       total 327680K, used 314756K [0x0000000080000000, 0x0000000094000000, 0x00000000d5580000)
  object space 327680K, 96% used [0x0000000080000000,0x00000000933611c8,0x0000000094000000)
 Metaspace       used 65178K, committed 66688K, reserved 1114112K
  class space    used 6582K, committed 7232K, reserved 1048576K
}
Event: 227.244 GC heap before
{Heap before GC invocations=529 (full 12):
 PSYoungGen      total 21504K, used 21481K [0x00000000d5580000, 0x00000000d8680000, 0x0000000100000000)
  eden space 8704K, 99% used [0x00000000d5580000,0x00000000d5dfd0e8,0x00000000d5e00000)
  from space 12800K, 99% used [0x00000000d5e00000,0x00000000d6a7d698,0x00000000d6a80000)
  to   space 20480K, 0% used [0x00000000d7280000,0x00000000d7280000,0x00000000d8680000)
 ParOldGen       total 327680K, used 314756K [0x0000000080000000, 0x0000000094000000, 0x00000000d5580000)
  object space 327680K, 96% used [0x0000000080000000,0x00000000933611c8,0x0000000094000000)
 Metaspace       used 65178K, committed 66688K, reserved 1114112K
  class space    used 6582K, committed 7232K, reserved 1048576K
}
Event: 227.573 GC heap after
{Heap after GC invocations=529 (full 12):
 PSYoungGen      total 22528K, used 12341K [0x00000000d5580000, 0x00000000d7f00000, 0x0000000100000000)
  eden space 9728K, 0% used [0x00000000d5580000,0x00000000d5580000,0x00000000d5f00000)
  from space 12800K, 96% used [0x00000000d7280000,0x00000000d7e8d718,0x00000000d7f00000)
  to   space 14848K, 0% used [0x00000000d6200000,0x00000000d6200000,0x00000000d7080000)
 ParOldGen       total 327680K, used 321541K [0x0000000080000000, 0x0000000094000000, 0x00000000d5580000)
  object space 327680K, 98% used [0x0000000080000000,0x0000000093a016b0,0x0000000094000000)
 Metaspace       used 65178K, committed 66688K, reserved 1114112K
  class space    used 6582K, committed 7232K, reserved 1048576K
}
Event: 227.574 GC heap before
{Heap before GC invocations=530 (full 13):
 PSYoungGen      total 22528K, used 12341K [0x00000000d5580000, 0x00000000d7f00000, 0x0000000100000000)
  eden space 9728K, 0% used [0x00000000d5580000,0x00000000d5580000,0x00000000d5f00000)
  from space 12800K, 96% used [0x00000000d7280000,0x00000000d7e8d718,0x00000000d7f00000)
  to   space 14848K, 0% used [0x00000000d6200000,0x00000000d6200000,0x00000000d7080000)
 ParOldGen       total 327680K, used 321541K [0x0000000080000000, 0x0000000094000000, 0x00000000d5580000)
  object space 327680K, 98% used [0x0000000080000000,0x0000000093a016b0,0x0000000094000000)
 Metaspace       used 65178K, committed 66688K, reserved 1114112K
  class space    used 6582K, committed 7232K, reserved 1048576K
}
Event: 228.641 GC heap after
{Heap after GC invocations=530 (full 13):
 PSYoungGen      total 21504K, used 1005K [0x00000000d5580000, 0x00000000d7d00000, 0x0000000100000000)
  eden space 10752K, 0% used [0x00000000d5580000,0x00000000d5580000,0x00000000d6000000)
  from space 10752K, 9% used [0x00000000d7280000,0x00000000d737b4c8,0x00000000d7d00000)
  to   space 14848K, 0% used [0x00000000d6000000,0x00000000d6000000,0x00000000d6e80000)
 ParOldGen       total 384512K, used 327208K [0x0000000080000000, 0x0000000097780000, 0x00000000d5580000)
  object space 384512K, 85% used [0x0000000080000000,0x0000000093f8a3b8,0x0000000097780000)
 Metaspace       used 65178K, committed 66688K, reserved 1114112K
  class space    used 6582K, committed 7232K, reserved 1048576K
}
Event: 229.392 GC heap before
{Heap before GC invocations=531 (full 13):
 PSYoungGen      total 21504K, used 11345K [0x00000000d5580000, 0x00000000d7d00000, 0x0000000100000000)
  eden space 10752K, 96% used [0x00000000d5580000,0x00000000d5f99250,0x00000000d6000000)
  from space 10752K, 9% used [0x00000000d7280000,0x00000000d737b4c8,0x00000000d7d00000)
  to   space 14848K, 0% used [0x00000000d6000000,0x00000000d6000000,0x00000000d6e80000)
 ParOldGen       total 384512K, used 327208K [0x0000000080000000, 0x0000000097780000, 0x00000000d5580000)
  object space 384512K, 85% used [0x0000000080000000,0x0000000093f8a3b8,0x0000000097780000)
 Metaspace       used 65178K, committed 66688K, reserved 1114112K
  class space    used 6582K, committed 7232K, reserved 1048576K
}
Event: 230.049 GC heap after
{Heap after GC invocations=531 (full 13):
 PSYoungGen      total 22016K, used 11112K [0x00000000d5580000, 0x00000000d7980000, 0x0000000100000000)
  eden space 10752K, 0% used [0x00000000d5580000,0x00000000d5580000,0x00000000d6000000)
  from space 11264K, 98% used [0x00000000d6000000,0x00000000d6ada358,0x00000000d6b00000)
  to   space 12288K, 0% used [0x00000000d6d80000,0x00000000d6d80000,0x00000000d7980000)
 ParOldGen       total 384512K, used 327208K [0x0000000080000000, 0x0000000097780000, 0x00000000d5580000)
  object space 384512K, 85% used [0x0000000080000000,0x0000000093f8a3b8,0x0000000097780000)
 Metaspace       used 65178K, committed 66688K, reserved 1114112K
  class space    used 6582K, committed 7232K, reserved 1048576K
}
Event: 233.909 GC heap before
{Heap before GC invocations=532 (full 13):
 PSYoungGen      total 22016K, used 21864K [0x00000000d5580000, 0x00000000d7980000, 0x0000000100000000)
  eden space 10752K, 100% used [0x00000000d5580000,0x00000000d6000000,0x00000000d6000000)
  from space 11264K, 98% used [0x00000000d6000000,0x00000000d6ada358,0x00000000d6b00000)
  to   space 12288K, 0% used [0x00000000d6d80000,0x00000000d6d80000,0x00000000d7980000)
 ParOldGen       total 384512K, used 327208K [0x0000000080000000, 0x0000000097780000, 0x00000000d5580000)
  object space 384512K, 85% used [0x0000000080000000,0x0000000093f8a3b8,0x0000000097780000)
 Metaspace       used 65199K, committed 66688K, reserved 1114112K
  class space    used 6582K, committed 7232K, reserved 1048576K
}
Event: 233.941 GC heap after
{Heap after GC invocations=532 (full 13):
 PSYoungGen      total 17920K, used 12263K [0x00000000d5580000, 0x00000000d8680000, 0x0000000100000000)
  eden space 5632K, 0% used [0x00000000d5580000,0x00000000d5580000,0x00000000d5b00000)
  from space 12288K, 99% used [0x00000000d6d80000,0x00000000d7979e70,0x00000000d7980000)
  to   space 18944K, 0% used [0x00000000d5b00000,0x00000000d5b00000,0x00000000d6d80000)
 ParOldGen       total 384512K, used 332588K [0x0000000080000000, 0x0000000097780000, 0x00000000d5580000)
  object space 384512K, 86% used [0x0000000080000000,0x00000000944cb3b0,0x0000000097780000)
 Metaspace       used 65199K, committed 66688K, reserved 1114112K
  class space    used 6582K, committed 7232K, reserved 1048576K
}
Event: 239.776 GC heap before
{Heap before GC invocations=533 (full 13):
 PSYoungGen      total 17920K, used 17895K [0x00000000d5580000, 0x00000000d8680000, 0x0000000100000000)
  eden space 5632K, 100% used [0x00000000d5580000,0x00000000d5b00000,0x00000000d5b00000)
  from space 12288K, 99% used [0x00000000d6d80000,0x00000000d7979e70,0x00000000d7980000)
  to   space 18944K, 0% used [0x00000000d5b00000,0x00000000d5b00000,0x00000000d6d80000)
 ParOldGen       total 384512K, used 332588K [0x0000000080000000, 0x0000000097780000, 0x00000000d5580000)
  object space 384512K, 86% used [0x0000000080000000,0x00000000944cb3b0,0x0000000097780000)
 Metaspace       used 65219K, committed 66688K, reserved 1114112K
  class space    used 6584K, committed 7232K, reserved 1048576K
}
Event: 239.854 GC heap after
{Heap after GC invocations=533 (full 13):
 PSYoungGen      total 13312K, used 7643K [0x00000000d5580000, 0x00000000d7300000, 0x0000000100000000)
  eden space 5632K, 0% used [0x00000000d5580000,0x00000000d5580000,0x00000000d5b00000)
  from space 7680K, 99% used [0x00000000d5b00000,0x00000000d6276c08,0x00000000d6280000)
  to   space 11776K, 0% used [0x00000000d6780000,0x00000000d6780000,0x00000000d7300000)
 ParOldGen       total 384512K, used 339235K [0x0000000080000000, 0x0000000097780000, 0x00000000d5580000)
  object space 384512K, 88% used [0x0000000080000000,0x0000000094b48ef0,0x0000000097780000)
 Metaspace       used 65219K, committed 66688K, reserved 1114112K
  class space    used 6584K, committed 7232K, reserved 1048576K
}

