# JRE version: Java(TM) SE Runtime Environment (21.0.2+13) (build 21.0.2+13-LTS-58)
# Java VM: Java HotSpot(TM) 64-Bit Server VM (21.0.2+13-LTS-58, mixed mode, sharing, tiered, compressed oops, compressed class ptrs, parallel gc, windows-amd64)
GC Precious Log:
 CardTable entry size: 512
 CPUs: 4 total, 4 available
 Memory: 3546M
 Large Page Support: Disabled
 NUMA Support: Disabled
 Compressed Oops: Enabled (32-bit)
 Alignments: Space 512K, Generation 512K, Heap 2M
 Heap Min Capacity: 100M
 Heap Initial Capacity: 100M
 Heap Max Capacity: 2G
 Pre-touch: Disabled
 Parallel Workers: 4
Heap:
 PSYoungGen      total 7168K, used 1221K [0x00000000d5580000, 0x00000000d5f00000, 0x0000000100000000)
  eden space 6656K, 10% used [0x00000000d5580000,0x00000000d5634230,0x00000000d5c00000)
  from space 512K, 97% used [0x00000000d5e80000,0x00000000d5efd308,0x00000000d5f00000)
  to   space 1024K, 0% used [0x00000000d5d80000,0x00000000d5d80000,0x00000000d5e80000)
 ParOldGen       total 105472K, used 99359K [0x0000000080000000, 0x0000000086700000, 0x00000000d5580000)
  object space 105472K, 94% used [0x0000000080000000,0x0000000086107c78,0x0000000086700000)
 Metaspace       used 64031K, committed 65408K, reserved 1114112K
  class space    used 6456K, committed 7104K, reserved 1048576K
GC Heap History (20 events):
Event: 261.557 GC heap before
{Heap before GC invocations=82 (full 5):
 PSYoungGen      total 7680K, used 7520K [0x00000000d5580000, 0x00000000d5e80000, 0x0000000100000000)
  eden space 6656K, 100% used [0x00000000d5580000,0x00000000d5c00000,0x00000000d5c00000)
  from space 1024K, 84% used [0x00000000d5d80000,0x00000000d5e58000,0x00000000d5e80000)
  to   space 1024K, 0% used [0x00000000d5c80000,0x00000000d5c80000,0x00000000d5d80000)
 ParOldGen       total 105472K, used 87964K [0x0000000080000000, 0x0000000086700000, 0x00000000d5580000)
  object space 105472K, 83% used [0x0000000080000000,0x00000000855e7300,0x0000000086700000)
 Metaspace       used 62562K, committed 63936K, reserved 1114112K
  class space    used 6276K, committed 6912K, reserved 1048576K
}
Event: 261.563 GC heap after
{Heap after GC invocations=82 (full 5):
 PSYoungGen      total 7680K, used 1017K [0x00000000d5580000, 0x00000000d6100000, 0x0000000100000000)
  eden space 6656K, 0% used [0x00000000d5580000,0x00000000d5580000,0x00000000d5c00000)
  from space 1024K, 99% used [0x00000000d5c80000,0x00000000d5d7e718,0x00000000d5d80000)
  to   space 2560K, 0% used [0x00000000d5e80000,0x00000000d5e80000,0x00000000d6100000)
 ParOldGen       total 105472K, used 89138K [0x0000000080000000, 0x0000000086700000, 0x00000000d5580000)
  object space 105472K, 84% used [0x0000000080000000,0x000000008570c8f8,0x0000000086700000)
 Metaspace       used 62562K, committed 63936K, reserved 1114112K
  class space    used 6276K, committed 6912K, reserved 1048576K
}
Event: 262.032 GC heap before
{Heap before GC invocations=83 (full 5):
 PSYoungGen      total 7680K, used 7673K [0x00000000d5580000, 0x00000000d6100000, 0x0000000100000000)
  eden space 6656K, 99% used [0x00000000d5580000,0x00000000d5bfffe0,0x00000000d5c00000)
  from space 1024K, 99% used [0x00000000d5c80000,0x00000000d5d7e718,0x00000000d5d80000)
  to   space 2560K, 0% used [0x00000000d5e80000,0x00000000d5e80000,0x00000000d6100000)
 ParOldGen       total 105472K, used 89138K [0x0000000080000000, 0x0000000086700000, 0x00000000d5580000)
  object space 105472K, 84% used [0x0000000080000000,0x000000008570c8f8,0x0000000086700000)
 Metaspace       used 62563K, committed 63936K, reserved 1114112K
  class space    used 6276K, committed 6912K, reserved 1048576K
}
Event: 262.036 GC heap after
{Heap after GC invocations=83 (full 5):
 PSYoungGen      total 8192K, used 1443K [0x00000000d5580000, 0x00000000d6000000, 0x0000000100000000)
  eden space 6656K, 0% used [0x00000000d5580000,0x00000000d5580000,0x00000000d5c00000)
  from space 1536K, 93% used [0x00000000d5e80000,0x00000000d5fe8c48,0x00000000d6000000)
  to   space 2048K, 0% used [0x00000000d5c00000,0x00000000d5c00000,0x00000000d5e00000)
 ParOldGen       total 105472K, used 90130K [0x0000000080000000, 0x0000000086700000, 0x00000000d5580000)
  object space 105472K, 85% used [0x0000000080000000,0x0000000085804a78,0x0000000086700000)
 Metaspace       used 62563K, committed 63936K, reserved 1114112K
  class space    used 6276K, committed 6912K, reserved 1048576K
}
Event: 262.342 GC heap before
{Heap before GC invocations=84 (full 5):
 PSYoungGen      total 8192K, used 8099K [0x00000000d5580000, 0x00000000d6000000, 0x0000000100000000)
  eden space 6656K, 100% used [0x00000000d5580000,0x00000000d5c00000,0x00000000d5c00000)
  from space 1536K, 93% used [0x00000000d5e80000,0x00000000d5fe8c48,0x00000000d6000000)
  to   space 2048K, 0% used [0x00000000d5c00000,0x00000000d5c00000,0x00000000d5e00000)
 ParOldGen       total 105472K, used 90130K [0x0000000080000000, 0x0000000086700000, 0x00000000d5580000)
  object space 105472K, 85% used [0x0000000080000000,0x0000000085804a78,0x0000000086700000)
 Metaspace       used 62574K, committed 63936K, reserved 1114112K
  class space    used 6280K, committed 6912K, reserved 1048576K
}
Event: 262.348 GC heap after
{Heap after GC invocations=84 (full 5):
 PSYoungGen      total 8704K, used 1658K [0x00000000d5580000, 0x00000000d6000000, 0x0000000100000000)
  eden space 6656K, 0% used [0x00000000d5580000,0x00000000d5580000,0x00000000d5c00000)
  from space 2048K, 80% used [0x00000000d5c00000,0x00000000d5d9e950,0x00000000d5e00000)
  to   space 2048K, 0% used [0x00000000d5e00000,0x00000000d5e00000,0x00000000d6000000)
 ParOldGen       total 105472K, used 91449K [0x0000000080000000, 0x0000000086700000, 0x00000000d5580000)
  object space 105472K, 86% used [0x0000000080000000,0x000000008594e720,0x0000000086700000)
 Metaspace       used 62574K, committed 63936K, reserved 1114112K
  class space    used 6280K, committed 6912K, reserved 1048576K
}
Event: 262.593 GC heap before
{Heap before GC invocations=85 (full 5):
 PSYoungGen      total 8704K, used 8314K [0x00000000d5580000, 0x00000000d6000000, 0x0000000100000000)
  eden space 6656K, 100% used [0x00000000d5580000,0x00000000d5c00000,0x00000000d5c00000)
  from space 2048K, 80% used [0x00000000d5c00000,0x00000000d5d9e950,0x00000000d5e00000)
  to   space 2048K, 0% used [0x00000000d5e00000,0x00000000d5e00000,0x00000000d6000000)
 ParOldGen       total 105472K, used 91449K [0x0000000080000000, 0x0000000086700000, 0x00000000d5580000)
  object space 105472K, 86% used [0x0000000080000000,0x000000008594e720,0x0000000086700000)
 Metaspace       used 62822K, committed 64192K, reserved 1114112K
  class space    used 6306K, committed 6912K, reserved 1048576K
}
Event: 262.601 GC heap after
{Heap after GC invocations=85 (full 5):
 PSYoungGen      total 8192K, used 1378K [0x00000000d5580000, 0x00000000d5f80000, 0x0000000100000000)
  eden space 6656K, 0% used [0x00000000d5580000,0x00000000d5580000,0x00000000d5c00000)
  from space 1536K, 89% used [0x00000000d5e00000,0x00000000d5f58a10,0x00000000d5f80000)
  to   space 1536K, 0% used [0x00000000d5c80000,0x00000000d5c80000,0x00000000d5e00000)
 ParOldGen       total 105472K, used 93003K [0x0000000080000000, 0x0000000086700000, 0x00000000d5580000)
  object space 105472K, 88% used [0x0000000080000000,0x0000000085ad2e80,0x0000000086700000)
 Metaspace       used 62822K, committed 64192K, reserved 1114112K
  class space    used 6306K, committed 6912K, reserved 1048576K
}
Event: 262.852 GC heap before
{Heap before GC invocations=86 (full 5):
 PSYoungGen      total 8192K, used 8034K [0x00000000d5580000, 0x00000000d5f80000, 0x0000000100000000)
  eden space 6656K, 100% used [0x00000000d5580000,0x00000000d5c00000,0x00000000d5c00000)
  from space 1536K, 89% used [0x00000000d5e00000,0x00000000d5f58a10,0x00000000d5f80000)
  to   space 1536K, 0% used [0x00000000d5c80000,0x00000000d5c80000,0x00000000d5e00000)
 ParOldGen       total 105472K, used 93003K [0x0000000080000000, 0x0000000086700000, 0x00000000d5580000)
  object space 105472K, 88% used [0x0000000080000000,0x0000000085ad2e80,0x0000000086700000)
 Metaspace       used 62950K, committed 64320K, reserved 1114112K
  class space    used 6329K, committed 6976K, reserved 1048576K
}
Event: 262.858 GC heap after
{Heap after GC invocations=86 (full 5):
 PSYoungGen      total 8192K, used 1524K [0x00000000d5580000, 0x00000000d6300000, 0x0000000100000000)
  eden space 6656K, 0% used [0x00000000d5580000,0x00000000d5580000,0x00000000d5c00000)
  from space 1536K, 99% used [0x00000000d5c80000,0x00000000d5dfd1e0,0x00000000d5e00000)
  to   space 3584K, 0% used [0x00000000d5f80000,0x00000000d5f80000,0x00000000d6300000)
 ParOldGen       total 105472K, used 94467K [0x0000000080000000, 0x0000000086700000, 0x00000000d5580000)
  object space 105472K, 89% used [0x0000000080000000,0x0000000085c40fb8,0x0000000086700000)
 Metaspace       used 62950K, committed 64320K, reserved 1114112K
  class space    used 6329K, committed 6976K, reserved 1048576K
}
Event: 264.163 GC heap before
{Heap before GC invocations=87 (full 5):
 PSYoungGen      total 8192K, used 8180K [0x00000000d5580000, 0x00000000d6300000, 0x0000000100000000)
  eden space 6656K, 100% used [0x00000000d5580000,0x00000000d5c00000,0x00000000d5c00000)
  from space 1536K, 99% used [0x00000000d5c80000,0x00000000d5dfd1e0,0x00000000d5e00000)
  to   space 3584K, 0% used [0x00000000d5f80000,0x00000000d5f80000,0x00000000d6300000)
 ParOldGen       total 105472K, used 94467K [0x0000000080000000, 0x0000000086700000, 0x00000000d5580000)
  object space 105472K, 89% used [0x0000000080000000,0x0000000085c40fb8,0x0000000086700000)
 Metaspace       used 63040K, committed 64448K, reserved 1114112K
  class space    used 6342K, committed 6976K, reserved 1048576K
}
Event: 264.173 GC heap after
{Heap after GC invocations=87 (full 5):
 PSYoungGen      total 7680K, used 978K [0x00000000d5580000, 0x00000000d6080000, 0x0000000100000000)
  eden space 6656K, 0% used [0x00000000d5580000,0x00000000d5580000,0x00000000d5c00000)
  from space 1024K, 95% used [0x00000000d5f80000,0x00000000d60748b8,0x00000000d6080000)
  to   space 2048K, 0% used [0x00000000d5c80000,0x00000000d5c80000,0x00000000d5e80000)
 ParOldGen       total 105472K, used 95961K [0x0000000080000000, 0x0000000086700000, 0x00000000d5580000)
  object space 105472K, 90% used [0x0000000080000000,0x0000000085db6758,0x0000000086700000)
 Metaspace       used 63040K, committed 64448K, reserved 1114112K
  class space    used 6342K, committed 6976K, reserved 1048576K
}
Event: 265.179 GC heap before
{Heap before GC invocations=88 (full 5):
 PSYoungGen      total 7680K, used 7634K [0x00000000d5580000, 0x00000000d6080000, 0x0000000100000000)
  eden space 6656K, 100% used [0x00000000d5580000,0x00000000d5c00000,0x00000000d5c00000)
  from space 1024K, 95% used [0x00000000d5f80000,0x00000000d60748b8,0x00000000d6080000)
  to   space 2048K, 0% used [0x00000000d5c80000,0x00000000d5c80000,0x00000000d5e80000)
 ParOldGen       total 105472K, used 95961K [0x0000000080000000, 0x0000000086700000, 0x00000000d5580000)
  object space 105472K, 90% used [0x0000000080000000,0x0000000085db6758,0x0000000086700000)
 Metaspace       used 63228K, committed 64704K, reserved 1114112K
  class space    used 6371K, committed 7040K, reserved 1048576K
}
Event: 265.189 GC heap after
{Heap after GC invocations=88 (full 5):
 PSYoungGen      total 8704K, used 1024K [0x00000000d5580000, 0x00000000d6000000, 0x0000000100000000)
  eden space 6656K, 0% used [0x00000000d5580000,0x00000000d5580000,0x00000000d5c00000)
  from space 2048K, 50% used [0x00000000d5c80000,0x00000000d5d80000,0x00000000d5e80000)
  to   space 1536K, 0% used [0x00000000d5e80000,0x00000000d5e80000,0x00000000d6000000)
 ParOldGen       total 105472K, used 96878K [0x0000000080000000, 0x0000000086700000, 0x00000000d5580000)
  object space 105472K, 91% used [0x0000000080000000,0x0000000085e9b920,0x0000000086700000)
 Metaspace       used 63228K, committed 64704K, reserved 1114112K
  class space    used 6371K, committed 7040K, reserved 1048576K
}
Event: 265.652 GC heap before
{Heap before GC invocations=89 (full 5):
 PSYoungGen      total 8704K, used 7680K [0x00000000d5580000, 0x00000000d6000000, 0x0000000100000000)
  eden space 6656K, 100% used [0x00000000d5580000,0x00000000d5c00000,0x00000000d5c00000)
  from space 2048K, 50% used [0x00000000d5c80000,0x00000000d5d80000,0x00000000d5e80000)
  to   space 1536K, 0% used [0x00000000d5e80000,0x00000000d5e80000,0x00000000d6000000)
 ParOldGen       total 105472K, used 96878K [0x0000000080000000, 0x0000000086700000, 0x00000000d5580000)
  object space 105472K, 91% used [0x0000000080000000,0x0000000085e9b920,0x0000000086700000)
 Metaspace       used 63309K, committed 64768K, reserved 1114112K
  class space    used 6377K, committed 7040K, reserved 1048576K
}
Event: 265.658 GC heap after
{Heap after GC invocations=89 (full 5):
 PSYoungGen      total 7680K, used 701K [0x00000000d5580000, 0x00000000d5f80000, 0x0000000100000000)
  eden space 6656K, 0% used [0x00000000d5580000,0x00000000d5580000,0x00000000d5c00000)
  from space 1024K, 68% used [0x00000000d5e80000,0x00000000d5f2f4c0,0x00000000d5f80000)
  to   space 1024K, 0% used [0x00000000d5d80000,0x00000000d5d80000,0x00000000d5e80000)
 ParOldGen       total 105472K, used 97533K [0x0000000080000000, 0x0000000086700000, 0x00000000d5580000)
  object space 105472K, 92% used [0x0000000080000000,0x0000000085f3f5f8,0x0000000086700000)
 Metaspace       used 63309K, committed 64768K, reserved 1114112K
  class space    used 6377K, committed 7040K, reserved 1048576K
}
Event: 266.576 GC heap before
{Heap before GC invocations=90 (full 5):
 PSYoungGen      total 7680K, used 7357K [0x00000000d5580000, 0x00000000d5f80000, 0x0000000100000000)
  eden space 6656K, 100% used [0x00000000d5580000,0x00000000d5c00000,0x00000000d5c00000)
  from space 1024K, 68% used [0x00000000d5e80000,0x00000000d5f2f4c0,0x00000000d5f80000)
  to   space 1024K, 0% used [0x00000000d5d80000,0x00000000d5d80000,0x00000000d5e80000)
 ParOldGen       total 105472K, used 97533K [0x0000000080000000, 0x0000000086700000, 0x00000000d5580000)
  object space 105472K, 92% used [0x0000000080000000,0x0000000085f3f5f8,0x0000000086700000)
 Metaspace       used 63686K, committed 65152K, reserved 1114112K
  class space    used 6419K, committed 7104K, reserved 1048576K
}
Event: 266.581 GC heap after
{Heap after GC invocations=90 (full 5):
 PSYoungGen      total 7680K, used 826K [0x00000000d5580000, 0x00000000d5f00000, 0x0000000100000000)
  eden space 6656K, 0% used [0x00000000d5580000,0x00000000d5580000,0x00000000d5c00000)
  from space 1024K, 80% used [0x00000000d5d80000,0x00000000d5e4ea20,0x00000000d5e80000)
  to   space 512K, 0% used [0x00000000d5e80000,0x00000000d5e80000,0x00000000d5f00000)
 ParOldGen       total 105472K, used 98169K [0x0000000080000000, 0x0000000086700000, 0x00000000d5580000)
  object space 105472K, 93% used [0x0000000080000000,0x0000000085fde510,0x0000000086700000)
 Metaspace       used 63686K, committed 65152K, reserved 1114112K
  class space    used 6419K, committed 7104K, reserved 1048576K
}
Event: 272.454 GC heap before
{Heap before GC invocations=91 (full 5):
 PSYoungGen      total 7680K, used 7482K [0x00000000d5580000, 0x00000000d5f00000, 0x0000000100000000)
  eden space 6656K, 100% used [0x00000000d5580000,0x00000000d5c00000,0x00000000d5c00000)
  from space 1024K, 80% used [0x00000000d5d80000,0x00000000d5e4ea20,0x00000000d5e80000)
  to   space 512K, 0% used [0x00000000d5e80000,0x00000000d5e80000,0x00000000d5f00000)
 ParOldGen       total 105472K, used 98169K [0x0000000080000000, 0x0000000086700000, 0x00000000d5580000)
  object space 105472K, 93% used [0x0000000080000000,0x0000000085fde510,0x0000000086700000)
 Metaspace       used 64031K, committed 65408K, reserved 1114112K
  class space    used 6456K, committed 7104K, reserved 1048576K
}
Event: 272.463 GC heap after
{Heap after GC invocations=91 (full 5):
 PSYoungGen      total 7168K, used 500K [0x00000000d5580000, 0x00000000d5f00000, 0x0000000100000000)
  eden space 6656K, 0% used [0x00000000d5580000,0x00000000d5580000,0x00000000d5c00000)
  from space 512K, 97% used [0x00000000d5e80000,0x00000000d5efd308,0x00000000d5f00000)
  to   space 1024K, 0% used [0x00000000d5d80000,0x00000000d5d80000,0x00000000d5e80000)
 ParOldGen       total 105472K, used 99359K [0x0000000080000000, 0x0000000086700000, 0x00000000d5580000)
  object space 105472K, 94% used [0x0000000080000000,0x0000000086107c78,0x0000000086700000)
 Metaspace       used 64031K, committed 65408K, reserved 1114112K
  class space    used 6456K, committed 7104K, reserved 1048576K
}

