# JRE version: Java(TM) SE Runtime Environment (21.0.2+13) (build 21.0.2+13-LTS-58)
# Java VM: Java HotSpot(TM) 64-Bit Server VM (21.0.2+13-LTS-58, mixed mode, sharing, tiered, compressed oops, compressed class ptrs, parallel gc, windows-amd64)
GC Precious Log:
 CardTable entry size: 512
 CPUs: 4 total, 4 available
 Memory: 3546M
 Large Page Support: Disabled
 NUMA Support: Disabled
 Compressed Oops: Enabled (32-bit)
 Alignments: Space 512K, Generation 512K, Heap 2M
 Heap Min Capacity: 100M
 Heap Initial Capacity: 100M
 Heap Max Capacity: 2G
 Pre-touch: Disabled
 Parallel Workers: 4
Heap:
 PSYoungGen      total 20992K, used 13296K [0x00000000d5580000, 0x00000000d7680000, 0x0000000100000000)
  eden space 14336K, 46% used [0x00000000d5580000,0x00000000d5bff0e0,0x00000000d6380000)
  from space 6656K, 99% used [0x00000000d6500000,0x00000000d6b7d0d8,0x00000000d6b80000)
  to   space 9728K, 0% used [0x00000000d6d00000,0x00000000d6d00000,0x00000000d7680000)
 ParOldGen       total 137216K, used 133094K [0x0000000080000000, 0x0000000088600000, 0x00000000d5580000)
  object space 137216K, 96% used [0x0000000080000000,0x00000000881f9968,0x0000000088600000)
 Metaspace       used 65087K, committed 66560K, reserved 1114112K
  class space    used 6585K, committed 7232K, reserved 1048576K
GC Heap History (20 events):
Event: 123.018 GC heap before
{Heap before GC invocations=77 (full 6):
 PSYoungGen      total 14848K, used 14336K [0x00000000d5580000, 0x00000000d6b80000, 0x0000000100000000)
  eden space 14336K, 100% used [0x00000000d5580000,0x00000000d6380000,0x00000000d6380000)
  from space 512K, 0% used [0x00000000d6500000,0x00000000d6500000,0x00000000d6580000)
  to   space 4096K, 0% used [0x00000000d6780000,0x00000000d6780000,0x00000000d6b80000)
 ParOldGen       total 137216K, used 108592K [0x0000000080000000, 0x0000000088600000, 0x00000000d5580000)
  object space 137216K, 79% used [0x0000000080000000,0x0000000086a0c158,0x0000000088600000)
 Metaspace       used 64465K, committed 65920K, reserved 1114112K
  class space    used 6504K, committed 7168K, reserved 1048576K
}
Event: 123.028 GC heap after
{Heap after GC invocations=77 (full 6):
 PSYoungGen      total 18432K, used 3756K [0x00000000d5580000, 0x00000000d6b80000, 0x0000000100000000)
  eden space 14336K, 0% used [0x00000000d5580000,0x00000000d5580000,0x00000000d6380000)
  from space 4096K, 91% used [0x00000000d6780000,0x00000000d6b2b380,0x00000000d6b80000)
  to   space 4096K, 0% used [0x00000000d6380000,0x00000000d6380000,0x00000000d6780000)
 ParOldGen       total 137216K, used 110320K [0x0000000080000000, 0x0000000088600000, 0x00000000d5580000)
  object space 137216K, 80% used [0x0000000080000000,0x0000000086bbc160,0x0000000088600000)
 Metaspace       used 64465K, committed 65920K, reserved 1114112K
  class space    used 6504K, committed 7168K, reserved 1048576K
}
Event: 124.039 GC heap before
{Heap before GC invocations=78 (full 6):
 PSYoungGen      total 18432K, used 18092K [0x00000000d5580000, 0x00000000d6b80000, 0x0000000100000000)
  eden space 14336K, 100% used [0x00000000d5580000,0x00000000d6380000,0x00000000d6380000)
  from space 4096K, 91% used [0x00000000d6780000,0x00000000d6b2b380,0x00000000d6b80000)
  to   space 4096K, 0% used [0x00000000d6380000,0x00000000d6380000,0x00000000d6780000)
 ParOldGen       total 137216K, used 110320K [0x0000000080000000, 0x0000000088600000, 0x00000000d5580000)
  object space 137216K, 80% used [0x0000000080000000,0x0000000086bbc160,0x0000000088600000)
 Metaspace       used 64517K, committed 65920K, reserved 1114112K
  class space    used 6514K, committed 7168K, reserved 1048576K
}
Event: 124.049 GC heap after
{Heap after GC invocations=78 (full 6):
 PSYoungGen      total 18432K, used 4067K [0x00000000d5580000, 0x00000000d7180000, 0x0000000100000000)
  eden space 14336K, 0% used [0x00000000d5580000,0x00000000d5580000,0x00000000d6380000)
  from space 4096K, 99% used [0x00000000d6380000,0x00000000d6778d38,0x00000000d6780000)
  to   space 7168K, 0% used [0x00000000d6a80000,0x00000000d6a80000,0x00000000d7180000)
 ParOldGen       total 137216K, used 112589K [0x0000000080000000, 0x0000000088600000, 0x00000000d5580000)
  object space 137216K, 82% used [0x0000000080000000,0x0000000086df3798,0x0000000088600000)
 Metaspace       used 64517K, committed 65920K, reserved 1114112K
  class space    used 6514K, committed 7168K, reserved 1048576K
}
Event: 124.442 GC heap before
{Heap before GC invocations=79 (full 6):
 PSYoungGen      total 18432K, used 18403K [0x00000000d5580000, 0x00000000d7180000, 0x0000000100000000)
  eden space 14336K, 100% used [0x00000000d5580000,0x00000000d6380000,0x00000000d6380000)
  from space 4096K, 99% used [0x00000000d6380000,0x00000000d6778d38,0x00000000d6780000)
  to   space 7168K, 0% used [0x00000000d6a80000,0x00000000d6a80000,0x00000000d7180000)
 ParOldGen       total 137216K, used 112589K [0x0000000080000000, 0x0000000088600000, 0x00000000d5580000)
  object space 137216K, 82% used [0x0000000080000000,0x0000000086df3798,0x0000000088600000)
 Metaspace       used 64517K, committed 65920K, reserved 1114112K
  class space    used 6514K, committed 7168K, reserved 1048576K
}
Event: 124.460 GC heap after
{Heap after GC invocations=79 (full 6):
 PSYoungGen      total 18944K, used 4267K [0x00000000d5580000, 0x00000000d6f00000, 0x0000000100000000)
  eden space 14336K, 0% used [0x00000000d5580000,0x00000000d5580000,0x00000000d6380000)
  from space 4608K, 92% used [0x00000000d6a80000,0x00000000d6eaac98,0x00000000d6f00000)
  to   space 5120K, 0% used [0x00000000d6500000,0x00000000d6500000,0x00000000d6a00000)
 ParOldGen       total 137216K, used 115243K [0x0000000080000000, 0x0000000088600000, 0x00000000d5580000)
  object space 137216K, 83% used [0x0000000080000000,0x000000008708add8,0x0000000088600000)
 Metaspace       used 64517K, committed 65920K, reserved 1114112K
  class space    used 6514K, committed 7168K, reserved 1048576K
}
Event: 124.810 GC heap before
{Heap before GC invocations=80 (full 6):
 PSYoungGen      total 18944K, used 18603K [0x00000000d5580000, 0x00000000d6f00000, 0x0000000100000000)
  eden space 14336K, 100% used [0x00000000d5580000,0x00000000d6380000,0x00000000d6380000)
  from space 4608K, 92% used [0x00000000d6a80000,0x00000000d6eaac98,0x00000000d6f00000)
  to   space 5120K, 0% used [0x00000000d6500000,0x00000000d6500000,0x00000000d6a00000)
 ParOldGen       total 137216K, used 115243K [0x0000000080000000, 0x0000000088600000, 0x00000000d5580000)
  object space 137216K, 83% used [0x0000000080000000,0x000000008708add8,0x0000000088600000)
 Metaspace       used 64517K, committed 65920K, reserved 1114112K
  class space    used 6514K, committed 7168K, reserved 1048576K
}
Event: 124.821 GC heap after
{Heap after GC invocations=80 (full 6):
 PSYoungGen      total 19456K, used 5099K [0x00000000d5580000, 0x00000000d7280000, 0x0000000100000000)
  eden space 14336K, 0% used [0x00000000d5580000,0x00000000d5580000,0x00000000d6380000)
  from space 5120K, 99% used [0x00000000d6500000,0x00000000d69fadd8,0x00000000d6a00000)
  to   space 7680K, 0% used [0x00000000d6b00000,0x00000000d6b00000,0x00000000d7280000)
 ParOldGen       total 137216K, used 117044K [0x0000000080000000, 0x0000000088600000, 0x00000000d5580000)
  object space 137216K, 85% used [0x0000000080000000,0x000000008724d350,0x0000000088600000)
 Metaspace       used 64517K, committed 65920K, reserved 1114112K
  class space    used 6514K, committed 7168K, reserved 1048576K
}
Event: 125.255 GC heap before
{Heap before GC invocations=81 (full 6):
 PSYoungGen      total 19456K, used 19435K [0x00000000d5580000, 0x00000000d7280000, 0x0000000100000000)
  eden space 14336K, 100% used [0x00000000d5580000,0x00000000d6380000,0x00000000d6380000)
  from space 5120K, 99% used [0x00000000d6500000,0x00000000d69fadd8,0x00000000d6a00000)
  to   space 7680K, 0% used [0x00000000d6b00000,0x00000000d6b00000,0x00000000d7280000)
 ParOldGen       total 137216K, used 117044K [0x0000000080000000, 0x0000000088600000, 0x00000000d5580000)
  object space 137216K, 85% used [0x0000000080000000,0x000000008724d350,0x0000000088600000)
 Metaspace       used 64823K, committed 66240K, reserved 1114112K
  class space    used 6549K, committed 7232K, reserved 1048576K
}
Event: 125.274 GC heap after
{Heap after GC invocations=81 (full 6):
 PSYoungGen      total 18944K, used 4430K [0x00000000d5580000, 0x00000000d6f80000, 0x0000000100000000)
  eden space 14336K, 0% used [0x00000000d5580000,0x00000000d5580000,0x00000000d6380000)
  from space 4608K, 96% used [0x00000000d6b00000,0x00000000d6f53b48,0x00000000d6f80000)
  to   space 5632K, 0% used [0x00000000d6480000,0x00000000d6480000,0x00000000d6a00000)
 ParOldGen       total 137216K, used 120085K [0x0000000080000000, 0x0000000088600000, 0x00000000d5580000)
  object space 137216K, 87% used [0x0000000080000000,0x0000000087545688,0x0000000088600000)
 Metaspace       used 64823K, committed 66240K, reserved 1114112K
  class space    used 6549K, committed 7232K, reserved 1048576K
}
Event: 127.216 GC heap before
{Heap before GC invocations=82 (full 6):
 PSYoungGen      total 18944K, used 18766K [0x00000000d5580000, 0x00000000d6f80000, 0x0000000100000000)
  eden space 14336K, 100% used [0x00000000d5580000,0x00000000d6380000,0x00000000d6380000)
  from space 4608K, 96% used [0x00000000d6b00000,0x00000000d6f53b48,0x00000000d6f80000)
  to   space 5632K, 0% used [0x00000000d6480000,0x00000000d6480000,0x00000000d6a00000)
 ParOldGen       total 137216K, used 120085K [0x0000000080000000, 0x0000000088600000, 0x00000000d5580000)
  object space 137216K, 87% used [0x0000000080000000,0x0000000087545688,0x0000000088600000)
 Metaspace       used 65069K, committed 66496K, reserved 1114112K
  class space    used 6580K, committed 7232K, reserved 1048576K
}
Event: 127.228 GC heap after
{Heap after GC invocations=82 (full 6):
 PSYoungGen      total 19968K, used 5601K [0x00000000d5580000, 0x00000000d7280000, 0x0000000100000000)
  eden space 14336K, 0% used [0x00000000d5580000,0x00000000d5580000,0x00000000d6380000)
  from space 5632K, 99% used [0x00000000d6480000,0x00000000d69f8638,0x00000000d6a00000)
  to   space 7680K, 0% used [0x00000000d6b00000,0x00000000d6b00000,0x00000000d7280000)
 ParOldGen       total 137216K, used 121647K [0x0000000080000000, 0x0000000088600000, 0x00000000d5580000)
  object space 137216K, 88% used [0x0000000080000000,0x00000000876cbc38,0x0000000088600000)
 Metaspace       used 65069K, committed 66496K, reserved 1114112K
  class space    used 6580K, committed 7232K, reserved 1048576K
}
Event: 127.827 GC heap before
{Heap before GC invocations=83 (full 6):
 PSYoungGen      total 19968K, used 19937K [0x00000000d5580000, 0x00000000d7280000, 0x0000000100000000)
  eden space 14336K, 100% used [0x00000000d5580000,0x00000000d6380000,0x00000000d6380000)
  from space 5632K, 99% used [0x00000000d6480000,0x00000000d69f8638,0x00000000d6a00000)
  to   space 7680K, 0% used [0x00000000d6b00000,0x00000000d6b00000,0x00000000d7280000)
 ParOldGen       total 137216K, used 121647K [0x0000000080000000, 0x0000000088600000, 0x00000000d5580000)
  object space 137216K, 88% used [0x0000000080000000,0x00000000876cbc38,0x0000000088600000)
 Metaspace       used 65087K, committed 66560K, reserved 1114112K
  class space    used 6585K, committed 7232K, reserved 1048576K
}
Event: 127.841 GC heap after
{Heap after GC invocations=83 (full 6):
 PSYoungGen      total 19968K, used 5330K [0x00000000d5580000, 0x00000000d7080000, 0x0000000100000000)
  eden space 14336K, 0% used [0x00000000d5580000,0x00000000d5580000,0x00000000d6380000)
  from space 5632K, 94% used [0x00000000d6b00000,0x00000000d7034968,0x00000000d7080000)
  to   space 6144K, 0% used [0x00000000d6480000,0x00000000d6480000,0x00000000d6a80000)
 ParOldGen       total 137216K, used 124967K [0x0000000080000000, 0x0000000088600000, 0x00000000d5580000)
  object space 137216K, 91% used [0x0000000080000000,0x0000000087a09d08,0x0000000088600000)
 Metaspace       used 65087K, committed 66560K, reserved 1114112K
  class space    used 6585K, committed 7232K, reserved 1048576K
}
Event: 129.097 GC heap before
{Heap before GC invocations=84 (full 6):
 PSYoungGen      total 19968K, used 19666K [0x00000000d5580000, 0x00000000d7080000, 0x0000000100000000)
  eden space 14336K, 100% used [0x00000000d5580000,0x00000000d6380000,0x00000000d6380000)
  from space 5632K, 94% used [0x00000000d6b00000,0x00000000d7034968,0x00000000d7080000)
  to   space 6144K, 0% used [0x00000000d6480000,0x00000000d6480000,0x00000000d6a80000)
 ParOldGen       total 137216K, used 124967K [0x0000000080000000, 0x0000000088600000, 0x00000000d5580000)
  object space 137216K, 91% used [0x0000000080000000,0x0000000087a09d08,0x0000000088600000)
 Metaspace       used 65087K, committed 66560K, reserved 1114112K
  class space    used 6585K, committed 7232K, reserved 1048576K
}
Event: 129.110 GC heap after
{Heap after GC invocations=84 (full 6):
 PSYoungGen      total 20480K, used 6115K [0x00000000d5580000, 0x00000000d7580000, 0x0000000100000000)
  eden space 14336K, 0% used [0x00000000d5580000,0x00000000d5580000,0x00000000d6380000)
  from space 6144K, 99% used [0x00000000d6480000,0x00000000d6a78d08,0x00000000d6a80000)
  to   space 9216K, 0% used [0x00000000d6c80000,0x00000000d6c80000,0x00000000d7580000)
 ParOldGen       total 137216K, used 127263K [0x0000000080000000, 0x0000000088600000, 0x00000000d5580000)
  object space 137216K, 92% used [0x0000000080000000,0x0000000087c47d08,0x0000000088600000)
 Metaspace       used 65087K, committed 66560K, reserved 1114112K
  class space    used 6585K, committed 7232K, reserved 1048576K
}
Event: 129.499 GC heap before
{Heap before GC invocations=85 (full 6):
 PSYoungGen      total 20480K, used 20451K [0x00000000d5580000, 0x00000000d7580000, 0x0000000100000000)
  eden space 14336K, 100% used [0x00000000d5580000,0x00000000d6380000,0x00000000d6380000)
  from space 6144K, 99% used [0x00000000d6480000,0x00000000d6a78d08,0x00000000d6a80000)
  to   space 9216K, 0% used [0x00000000d6c80000,0x00000000d6c80000,0x00000000d7580000)
 ParOldGen       total 137216K, used 127263K [0x0000000080000000, 0x0000000088600000, 0x00000000d5580000)
  object space 137216K, 92% used [0x0000000080000000,0x0000000087c47d08,0x0000000088600000)
 Metaspace       used 65087K, committed 66560K, reserved 1114112K
  class space    used 6585K, committed 7232K, reserved 1048576K
}
Event: 129.516 GC heap after
{Heap after GC invocations=85 (full 6):
 PSYoungGen      total 19968K, used 5561K [0x00000000d5580000, 0x00000000d7200000, 0x0000000100000000)
  eden space 14336K, 0% used [0x00000000d5580000,0x00000000d5580000,0x00000000d6380000)
  from space 5632K, 98% used [0x00000000d6c80000,0x00000000d71ee770,0x00000000d7200000)
  to   space 6656K, 0% used [0x00000000d6500000,0x00000000d6500000,0x00000000d6b80000)
 ParOldGen       total 137216K, used 131008K [0x0000000080000000, 0x0000000088600000, 0x00000000d5580000)
  object space 137216K, 95% used [0x0000000080000000,0x0000000087ff03a0,0x0000000088600000)
 Metaspace       used 65087K, committed 66560K, reserved 1114112K
  class space    used 6585K, committed 7232K, reserved 1048576K
}
Event: 129.898 GC heap before
{Heap before GC invocations=86 (full 6):
 PSYoungGen      total 19968K, used 19897K [0x00000000d5580000, 0x00000000d7200000, 0x0000000100000000)
  eden space 14336K, 100% used [0x00000000d5580000,0x00000000d6380000,0x00000000d6380000)
  from space 5632K, 98% used [0x00000000d6c80000,0x00000000d71ee770,0x00000000d7200000)
  to   space 6656K, 0% used [0x00000000d6500000,0x00000000d6500000,0x00000000d6b80000)
 ParOldGen       total 137216K, used 131008K [0x0000000080000000, 0x0000000088600000, 0x00000000d5580000)
  object space 137216K, 95% used [0x0000000080000000,0x0000000087ff03a0,0x0000000088600000)
 Metaspace       used 65087K, committed 66560K, reserved 1114112K
  class space    used 6585K, committed 7232K, reserved 1048576K
}
Event: 129.921 GC heap after
{Heap after GC invocations=86 (full 6):
 PSYoungGen      total 20992K, used 6644K [0x00000000d5580000, 0x00000000d7680000, 0x0000000100000000)
  eden space 14336K, 0% used [0x00000000d5580000,0x00000000d5580000,0x00000000d6380000)
  from space 6656K, 99% used [0x00000000d6500000,0x00000000d6b7d0d8,0x00000000d6b80000)
  to   space 9728K, 0% used [0x00000000d6d00000,0x00000000d6d00000,0x00000000d7680000)
 ParOldGen       total 137216K, used 133094K [0x0000000080000000, 0x0000000088600000, 0x00000000d5580000)
  object space 137216K, 96% used [0x0000000080000000,0x00000000881f9968,0x0000000088600000)
 Metaspace       used 65087K, committed 66560K, reserved 1114112K
  class space    used 6585K, committed 7232K, reserved 1048576K
}

