# JRE version: Java(TM) SE Runtime Environment (21.0.2+13) (build 21.0.2+13-LTS-58)
# Java VM: Java HotSpot(TM) 64-Bit Server VM (21.0.2+13-LTS-58, mixed mode, sharing, tiered, compressed oops, compressed class ptrs, g1 gc, windows-amd64)
GC Precious Log:
 CardTable entry size: 512
 Card Set container configuration: InlinePtr #cards 5 size 8 Array Of Cards #cards 12 size 40 Howl #buckets 4 coarsen threshold 1843 Howl Bitmap #cards 512 size 80 coarsen threshold 460 Card regions per heap region 1 cards per card region 2048
 CPUs: 4 total, 4 available
 Memory: 3546M
 Large Page Support: Disabled
 NUMA Support: Disabled
 Compressed Oops: Enabled (32-bit)
 Heap Region Size: 1M
 Heap Min Capacity: 8M
 Heap Initial Capacity: 56M
 Heap Max Capacity: 888M
 Pre-touch: Disabled
 Parallel Workers: 4
 Concurrent Workers: 1
 Concurrent Refinement Workers: 4
 Periodic GC: Disabled
Heap:
 garbage-first heap   total 65536K, used 45203K [0x00000000c8800000, 0x0000000100000000)
  region size 1024K, 15 young (15360K), 1 survivors (1024K)
 Metaspace       used 78670K, committed 79680K, reserved 1179648K
  class space    used 10641K, committed 11072K, reserved 1048576K
GC Heap History (20 events):
Event: 274.132 GC heap before
{Heap before GC invocations=26 (full 0):
 garbage-first heap   total 60416K, used 52933K [0x00000000c8800000, 0x0000000100000000)
  region size 1024K, 20 young (20480K), 2 survivors (2048K)
 Metaspace       used 78594K, committed 79360K, reserved 1179648K
  class space    used 10730K, committed 11072K, reserved 1048576K
}
Event: 274.149 GC heap after
{Heap after GC invocations=27 (full 0):
 garbage-first heap   total 60416K, used 36633K [0x00000000c8800000, 0x0000000100000000)
  region size 1024K, 2 young (2048K), 2 survivors (2048K)
 Metaspace       used 78594K, committed 79360K, reserved 1179648K
  class space    used 10730K, committed 11072K, reserved 1048576K
}
Event: 578.181 GC heap before
{Heap before GC invocations=28 (full 0):
 garbage-first heap   total 63488K, used 53017K [0x00000000c8800000, 0x0000000100000000)
  region size 1024K, 19 young (19456K), 2 survivors (2048K)
 Metaspace       used 78773K, committed 79552K, reserved 1179648K
  class space    used 10729K, committed 11072K, reserved 1048576K
}
Event: 578.358 GC heap after
{Heap after GC invocations=29 (full 0):
 garbage-first heap   total 63488K, used 36818K [0x00000000c8800000, 0x0000000100000000)
  region size 1024K, 2 young (2048K), 2 survivors (2048K)
 Metaspace       used 78773K, committed 79552K, reserved 1179648K
  class space    used 10729K, committed 11072K, reserved 1048576K
}
Event: 1003.415 GC heap before
{Heap before GC invocations=29 (full 0):
 garbage-first heap   total 63488K, used 56274K [0x00000000c8800000, 0x0000000100000000)
  region size 1024K, 21 young (21504K), 2 survivors (2048K)
 Metaspace       used 78800K, committed 79552K, reserved 1179648K
  class space    used 10729K, committed 11072K, reserved 1048576K
}
Event: 1003.627 GC heap after
{Heap after GC invocations=30 (full 0):
 garbage-first heap   total 63488K, used 36205K [0x00000000c8800000, 0x0000000100000000)
  region size 1024K, 2 young (2048K), 2 survivors (2048K)
 Metaspace       used 78800K, committed 79552K, reserved 1179648K
  class space    used 10729K, committed 11072K, reserved 1048576K
}
Event: 1404.046 GC heap before
{Heap before GC invocations=30 (full 0):
 garbage-first heap   total 63488K, used 55661K [0x00000000c8800000, 0x0000000100000000)
  region size 1024K, 21 young (21504K), 2 survivors (2048K)
 Metaspace       used 78872K, committed 79616K, reserved 1179648K
  class space    used 10729K, committed 11072K, reserved 1048576K
}
Event: 1404.385 GC heap after
{Heap after GC invocations=31 (full 0):
 garbage-first heap   total 63488K, used 36235K [0x00000000c8800000, 0x0000000100000000)
  region size 1024K, 2 young (2048K), 2 survivors (2048K)
 Metaspace       used 78872K, committed 79616K, reserved 1179648K
  class space    used 10729K, committed 11072K, reserved 1048576K
}
Event: 1437.596 GC heap before
{Heap before GC invocations=32 (full 0):
 garbage-first heap   total 65536K, used 37259K [0x00000000c8800000, 0x0000000100000000)
  region size 1024K, 3 young (3072K), 2 survivors (2048K)
 Metaspace       used 78511K, committed 79616K, reserved 1179648K
  class space    used 10630K, committed 11072K, reserved 1048576K
}
Event: 1437.709 GC heap after
{Heap after GC invocations=33 (full 0):
 garbage-first heap   total 65536K, used 36295K [0x00000000c8800000, 0x0000000100000000)
  region size 1024K, 1 young (1024K), 1 survivors (1024K)
 Metaspace       used 78511K, committed 79616K, reserved 1179648K
  class space    used 10630K, committed 11072K, reserved 1048576K
}
Event: 1928.111 GC heap before
{Heap before GC invocations=33 (full 0):
 garbage-first heap   total 65536K, used 58823K [0x00000000c8800000, 0x0000000100000000)
  region size 1024K, 23 young (23552K), 1 survivors (1024K)
 Metaspace       used 78567K, committed 79680K, reserved 1179648K
  class space    used 10639K, committed 11072K, reserved 1048576K
}
Event: 1929.208 GC heap after
{Heap after GC invocations=34 (full 0):
 garbage-first heap   total 65536K, used 35193K [0x00000000c8800000, 0x0000000100000000)
  region size 1024K, 1 young (1024K), 1 survivors (1024K)
 Metaspace       used 78567K, committed 79680K, reserved 1179648K
  class space    used 10639K, committed 11072K, reserved 1048576K
}
Event: 1977.328 GC heap before
{Heap before GC invocations=34 (full 0):
 garbage-first heap   total 65536K, used 37241K [0x00000000c8800000, 0x0000000100000000)
  region size 1024K, 3 young (3072K), 1 survivors (1024K)
 Metaspace       used 78567K, committed 79680K, reserved 1179648K
  class space    used 10639K, committed 11072K, reserved 1048576K
}
Event: 1977.565 GC heap after
{Heap after GC invocations=35 (full 0):
 garbage-first heap   total 65536K, used 34609K [0x00000000c8800000, 0x0000000100000000)
  region size 1024K, 1 young (1024K), 1 survivors (1024K)
 Metaspace       used 78567K, committed 79680K, reserved 1179648K
  class space    used 10639K, committed 11072K, reserved 1048576K
}
Event: 2021.874 GC heap before
{Heap before GC invocations=35 (full 0):
 garbage-first heap   total 65536K, used 36657K [0x00000000c8800000, 0x0000000100000000)
  region size 1024K, 3 young (3072K), 1 survivors (1024K)
 Metaspace       used 78567K, committed 79680K, reserved 1179648K
  class space    used 10639K, committed 11072K, reserved 1048576K
}
Event: 2021.992 GC heap after
{Heap after GC invocations=36 (full 0):
 garbage-first heap   total 65536K, used 33913K [0x00000000c8800000, 0x0000000100000000)
  region size 1024K, 1 young (1024K), 1 survivors (1024K)
 Metaspace       used 78567K, committed 79680K, reserved 1179648K
  class space    used 10639K, committed 11072K, reserved 1048576K
}
Event: 2067.619 GC heap before
{Heap before GC invocations=36 (full 0):
 garbage-first heap   total 65536K, used 35961K [0x00000000c8800000, 0x0000000100000000)
  region size 1024K, 3 young (3072K), 1 survivors (1024K)
 Metaspace       used 78568K, committed 79680K, reserved 1179648K
  class space    used 10639K, committed 11072K, reserved 1048576K
}
Event: 2068.027 GC heap after
{Heap after GC invocations=37 (full 0):
 garbage-first heap   total 65536K, used 33338K [0x00000000c8800000, 0x0000000100000000)
  region size 1024K, 1 young (1024K), 1 survivors (1024K)
 Metaspace       used 78568K, committed 79680K, reserved 1179648K
  class space    used 10639K, committed 11072K, reserved 1048576K
}
Event: 2116.832 GC heap before
{Heap before GC invocations=37 (full 0):
 garbage-first heap   total 65536K, used 35386K [0x00000000c8800000, 0x0000000100000000)
  region size 1024K, 3 young (3072K), 1 survivors (1024K)
 Metaspace       used 78568K, committed 79680K, reserved 1179648K
  class space    used 10639K, committed 11072K, reserved 1048576K
}
Event: 2117.188 GC heap after
{Heap after GC invocations=38 (full 0):
 garbage-first heap   total 65536K, used 32915K [0x00000000c8800000, 0x0000000100000000)
  region size 1024K, 1 young (1024K), 1 survivors (1024K)
 Metaspace       used 78568K, committed 79680K, reserved 1179648K
  class space    used 10639K, committed 11072K, reserved 1048576K
}

